0 info it worked if it ends with ok
1 verbose cli [ '/usr/bin/node', '/usr/bin/npm', 'run', 'part1' ]
2 info using npm@3.5.2
3 info using node@v8.10.0
4 verbose run-script [ 'prepart1', 'part1', 'postpart1' ]
5 info lifecycle kubernetes-ci-cd@1.0.0~prepart1: kubernetes-ci-cd@1.0.0
6 silly lifecycle kubernetes-ci-cd@1.0.0~prepart1: no script for prepart1, continuing
7 info lifecycle kubernetes-ci-cd@1.0.0~part1: kubernetes-ci-cd@1.0.0
8 verbose lifecycle kubernetes-ci-cd@1.0.0~part1: unsafe-perm in lifecycle true
9 verbose lifecycle kubernetes-ci-cd@1.0.0~part1: PATH: /usr/share/npm/bin/node-gyp-bin:/home/erdnando/Documents/kubernetes/Infraestructura01/06jenkins/repositorio/node_modules/.bin:/home/erdnando/anaconda3/condabin:/usr/local/sbin:/usr/local/bin:/usr/sbin:/usr/bin:/sbin:/bin:/usr/games:/usr/local/games:/snap/bin:/home/erdnando/.dotnet/tools:/home/erdnando/flutter/bin:/home/erdnando/.dotnet/tools:/home/erdnando/flutter/bin
10 verbose lifecycle kubernetes-ci-cd@1.0.0~part1: CWD: /home/erdnando/Documents/kubernetes/Infraestructura01/06jenkins/repositorio
11 silly lifecycle kubernetes-ci-cd@1.0.0~part1: Args: [ '-c', 'node start.js part1.yml' ]
12 silly lifecycle kubernetes-ci-cd@1.0.0~part1: Returned: code: 130  signal: null
13 info lifecycle kubernetes-ci-cd@1.0.0~part1: Failed to exec part1 script
14 verbose stack Error: kubernetes-ci-cd@1.0.0 part1: `node start.js part1.yml`
14 verbose stack Exit status 130
14 verbose stack     at EventEmitter.<anonymous> (/usr/share/npm/lib/utils/lifecycle.js:232:16)
14 verbose stack     at emitTwo (events.js:126:13)
14 verbose stack     at EventEmitter.emit (events.js:214:7)
14 verbose stack     at ChildProcess.<anonymous> (/usr/share/npm/lib/utils/spawn.js:24:14)
14 verbose stack     at emitTwo (events.js:126:13)
14 verbose stack     at ChildProcess.emit (events.js:214:7)
14 verbose stack     at maybeClose (internal/child_process.js:925:16)
14 verbose stack     at Process.ChildProcess._handle.onexit (internal/child_process.js:209:5)
15 verbose pkgid kubernetes-ci-cd@1.0.0
16 verbose cwd /home/erdnando/Documents/kubernetes/Infraestructura01/06jenkins/repositorio
17 error Linux 5.0.0-37-generic
18 error argv "/usr/bin/node" "/usr/bin/npm" "run" "part1"
19 error node v8.10.0
20 error npm  v3.5.2
21 error code ELIFECYCLE
22 error kubernetes-ci-cd@1.0.0 part1: `node start.js part1.yml`
22 error Exit status 130
23 error Failed at the kubernetes-ci-cd@1.0.0 part1 script 'node start.js part1.yml'.
23 error Make sure you have the latest version of node.js and npm installed.
23 error If you do, this is most likely a problem with the kubernetes-ci-cd package,
23 error not with npm itself.
23 error Tell the author that this fails on your system:
23 error     node start.js part1.yml
23 error You can get information on how to open an issue for this project with:
23 error     npm bugs kubernetes-ci-cd
23 error Or if that isn't available, you can get their info via:
23 error     npm owner ls kubernetes-ci-cd
23 error There is likely additional logging output above.
24 verbose exit [ 1, true ]
